0 info it worked if it ends with ok
1 verbose cli [ 'D:\\Program Files\\nodejs\\node.exe',
1 verbose cli   'D:\\Program Files\\nodejs\\node_modules\\npm\\bin\\npm-cli.js',
1 verbose cli   'publish' ]
2 info using npm@2.15.9
3 info using node@v4.5.0
4 verbose publish [ '.' ]
5 silly cache add args [ '.', null ]
6 verbose cache add spec .
7 silly cache add parsed spec Result {
7 silly cache add   raw: '.',
7 silly cache add   scope: null,
7 silly cache add   name: null,
7 silly cache add   rawSpec: '.',
7 silly cache add   spec: 'D:\\dev\\node\\cdva-create',
7 silly cache add   type: 'directory' }
8 verbose addLocalDirectory C:\Users\johnwargo\AppData\Roaming\npm-cache\cdva-create\0.0.7\package.tgz not in flight; packing
9 verbose correctMkdir C:\Users\johnwargo\AppData\Roaming\npm-cache correctMkdir not in flight; initializing
10 verbose tar pack [ 'C:\\Users\\johnwargo\\AppData\\Roaming\\npm-cache\\cdva-create\\0.0.7\\package.tgz',
10 verbose tar pack   'D:\\dev\\node\\cdva-create' ]
11 verbose tarball C:\Users\johnwargo\AppData\Roaming\npm-cache\cdva-create\0.0.7\package.tgz
12 verbose folder D:\dev\node\cdva-create
13 info prepublish cdva-create@0.0.7
14 verbose addLocalTarball adding from inside cache C:\Users\johnwargo\AppData\Roaming\npm-cache\cdva-create\0.0.7\package.tgz
15 verbose correctMkdir C:\Users\johnwargo\AppData\Roaming\npm-cache correctMkdir not in flight; initializing
16 silly cache afterAdd cdva-create@0.0.7
17 verbose afterAdd C:\Users\johnwargo\AppData\Roaming\npm-cache\cdva-create\0.0.7\package\package.json not in flight; writing
18 verbose correctMkdir C:\Users\johnwargo\AppData\Roaming\npm-cache correctMkdir not in flight; initializing
19 verbose afterAdd C:\Users\johnwargo\AppData\Roaming\npm-cache\cdva-create\0.0.7\package\package.json written
20 silly publish { name: 'cdva-create',
20 silly publish   description: 'Automates the creation of an Apache Cordova project using a configurable set of platforms and plugins',
20 silly publish   version: '0.0.7',
20 silly publish   keywords: [ 'Cordova', 'create', 'project' ],
20 silly publish   author:
20 silly publish    { name: 'John M. Wargo',
20 silly publish      email: 'john@johnwargo.com',
20 silly publish      url: 'http://www.johnwargo.com/' },
20 silly publish   main: 'cordova-create.js',
20 silly publish   bin: { 'cdva-create': 'cordova-create.js' },
20 silly publish   repository:
20 silly publish    { type: 'git',
20 silly publish      url: 'git+https://github.com/johnwargo/cdva-create.git' },
20 silly publish   preferGlobal: true,
20 silly publish   license: 'Apache-2.0',
20 silly publish   dependencies: { colors: '^1.1.2', shelljs: '^0.3.0' },
20 silly publish   engines: { node: '>= 0.10.0' },
20 silly publish   readme: 'Cordova Create (cdva-create)\r\n============================\r\n\r\nA module for creating a simple Cordova project with a couple of common platforms and plugins added. Essentially, this command replaces the common set of commands a Cordova developer types every (and I do mean every) time he or she creates a new Cordova project. \r\n\r\nIf you create an occasional Cordova application, this probably won\'t be that useful to you. For me, in my day job as a product manager for a set of enterprise plugins for Apache Cordova and my side job, which is producing a catalog of books on Apache Cordova, I find that I\'m constantly creating new Cordova projects. This module should save you a little time and make it very easy to create new Cordova projects.\r\n\r\nThe module is customizable; when you run the command the first time, it creates a configuration file that you can easily modify to customize how the module works for you. Through the configuration file, you can specify the platforms and plugins that are added to the project created using the command. You can even enable debug mode, which causes the module to execute the `cordova` command with it\'s debug (-d) command line option. All of the customization capabilities will be described later.\r\n\r\nRequirements\r\n============\r\nThis module expects that you have a functional Apache Cordova development environment running. This includes the appropriate native SDKs (Android Development Tools, Xcode and so on), NodeJS and other associated tools. As the command is a node module, it relies upon the same technology as the Cordova CLI does. \r\n\r\nThis module has been tested on Windows, Macintosh OS X and Ubuntu Linux.\r\n\r\nAn excellent resource for information on how to setup a Cordova development environment is my [Apache Cordova 3 Programming](http://www.cordovaprogramming.com) book.\r\n\r\nInstallation\r\n============\r\nInstall this module using npm by opening a terminal window and executing the following command:\r\n\r\nWindows:\r\n\r\n\tnpm install -g cdva-create\r\n\r\nMacintosh OS X and Linux:\r\n\r\n\tsudo npm install -g cdva-create\r\n\r\n\r\nIf you\'ve downloaded this module\'s code from GitHub, you can install the module by extracting the files then opening a terminal window and navigating to the folder where this file is located and issuing the following command:\r\n\r\nWindows:\r\n\r\n\tnpm install -g\r\n\r\nMacintosh OS X and Linux:\r\n\r\n\tsudo npm install -g\r\n\r\nUsage\r\n===========\r\nTo create a new project using this command, open a terminal window and navigate to the folder where you want the project created and issue the following command:\r\n\r\n\tcdva-create folder app_id app_name [platform list]\r\n\r\nThe first three parameters are the same parameters you would use with the `cordova create` command. The platform list, shown as an optional parameter (by the use of brackets), defines the list of target platforms you want to use for the application project.\r\n\r\nTo create a sample Android project called Hello2 in a folder called hello_2 you would use the following command:\r\n\r\n\tcdva-create hello_2 com.johnwargo.hello2 Hello2 android\r\n\r\nTo create the same project, but include an iOS project as well, you would use the following command:\r\n\r\n\tcdva-create hello_2 com.johnwargo.hello2 Hello2 android ios\r\n\r\nIf you do not specify a platform list on the command line, the set of default platforms for your current operating system (described below) will be used.\r\n\r\nTo launch the system\'s default editor to edit the application\'s configuration file (described in the next section), use the following command:\r\n\r\n\tcdva-create /config \r\n\r\nCustomization\r\n======================\r\nWhen the command runs for the first time, it creates a configuration file that can be used to customize the tasks the command performs when it runs. The configuration file is called `cdva-create.json` and it can be located in the user\'s home folder. On Windows you can find the file in the c:\\users\\user_name folder (replacing user_name with the login name for the current user). On Macintosh OS X, the file is located in the user\'s home folder at /Users/user_name (again replacing user_name with the user\'s logon name).\r\n\r\nThe default options for the application are defined in the following JSON object stored in the configuration file:\r\n\r\n    {\r\n      "platformList": [ "android", "firefoxos", "ios" ],\r\n      "pluginList": [\'cordova-plugin-console\', \'cordova-plugin-dialogs\', \'cordova-plugin-device\'],\r\n      "enableDebug": false,\r\n\t  "copyFrom": "folder_path"\r\n\t  "linkTo": "folder_path"\r\n\t  "createParms": "\\"{\\\\\\"plugin_search_path\\\\\\":\\\\\\"d:/dev/\\\\\\"}\\""\r\n    }\r\n\r\nTo change the module\'s configuration, edit the JSON object, providing your own values for the configuration options described by the object. \r\n\r\nThe default list of target platforms will differ depending on what operating system you are using. If you look at the script\'s code, you will see the following default platforms lists:\r\n\r\n  \tvar default_platforms_linux = [\'ubuntu\'];\r\n  \tvar default_platforms_osx = [\'android\', \'ios\'];\r\n  \tvar default_platforms_win = [\'android\', \'windows\'];\r\n\t\r\nYou can add third party plugins to the pluginlist. This should work as long as the Cordova CLI can load the plugins using the plugin\'s ID. Where this won\'t work is for locally installed plugins. If you want to use locally installed plugins, you will need to set a plugin search path during the call to the `cordova create` command. \r\n\r\nThe enableDebug parameter causes the module to add the debug (-d) parameter to all `cordova` CLI commands. With this option set to true, additional information will be written to the console as the Cordova CLI commands are executed. You will want to enable this option if something isn\'t working with the command and you want more information about what\'s happening as the different commands are executed. \r\n\r\nThe copyFrom property allows you to specify the folder path that is used for the source for the web application content for the created application. When a non-blank value is provided here, the `cordova create` command is enhanced by adding a `--copy-from "folder_path"` to the end of the command. The folder_path can be an absolute or relative path - all that matters is that the Cordova CLI can resolve the path.\r\n\r\nWith linkto, a symbolic link is created in the project\'s www folder that points to the specified folder path. When a non-blank value is provided here, the `cordova create` command is enhanced by adding a `--link-to "folder_path"` to the end of the command. The folder_path can be an absolute or relative path; all that matters is that the Cordova CLI can resolve the path.\r\n\r\nThe createParms property defines a JSON object that is used to populate a `config.json` file located in the new project\'s `.cordova` folder.  When a non-blank value is provided here, the JSON object is passed as a parameter on the end of the `cordova create` command. Using the example above, this option instructs the CLI to populate the `cordova.json` file with the following content: \r\n\r\n\t{ "plugin_search_path": "d:/dev/" }\r\n\r\nWith this in place, any `platform add` commands will search the specified path for plugins. The weird triple backslashes in the JSON string are there so that the content\'s quote and backslash characters will be properly escaped by the JSON parser. You can populate additional properties in the `config.json` file by appending the appropriate JSON content to the createParms property.\r\n\r\nNote: You can create an empty folder then enable this option (passing in the path to the empty folder) to create a Cordova project with no web application content in the application\'s www folder.\r\n\r\nMany people enable the option by default for all cordova commands, but this really doesn\'t make sense since, in a properly configured Cordova development environment, stuff just works. Don\'t succumb, only enable this option when it\'s really useful or needed. \r\n\r\nUpdate History\r\n==============\r\n+ September 22, 2016 - Updated the module for the new cordova plugin IDs.\r\n+ June 25, 2015 - Fixed issues that were affecting my ability to debug the module in WebStorm. Added validation of the copyFrom and linkTo parameters. If the specified path can\'t be resolved, the user is warned and the parameter skipped.\r\n+ November 5, 2014 - Added /config command-line option. Opens the application\'s configuration file in the system\'s default editor.  \r\n+ October 28, 2014 - Added support for the Cordova CLI create command\'s --link-to switch. Added support for passing additional parameters to the create command. This was added in order to support adding a plugin search path to the project\'s configuration when first creating the project. This was needed to support the SAP Mobile Platform Hybrid SDK since the SDK plugins are installed locally and the CLI has issues locating dependent plugins when installed locally.  \r\n \r\n* * *\r\nBy [John M. Wargo](http://www.johnwargo.com) - if you like and/or use this module, why not pick up [one of my books](http://www.johnwargobooks.com)?',
20 silly publish   readmeFilename: 'README.md',
20 silly publish   gitHead: 'fa7640b2192e6cc30d817bb22ce649b6480f2b71',
20 silly publish   bugs: { url: 'https://github.com/johnwargo/cdva-create/issues' },
20 silly publish   homepage: 'https://github.com/johnwargo/cdva-create#readme',
20 silly publish   _id: 'cdva-create@0.0.7',
20 silly publish   scripts: {},
20 silly publish   _shasum: '2b599797e0496ca822db5885ee332989150d1fe6',
20 silly publish   _from: '.' }
21 verbose getPublishConfig undefined
22 silly mapToRegistry name cdva-create
23 silly mapToRegistry using default registry
24 silly mapToRegistry registry https://registry.npmjs.org/
25 silly mapToRegistry data Result {
25 silly mapToRegistry   raw: 'cdva-create',
25 silly mapToRegistry   scope: null,
25 silly mapToRegistry   name: 'cdva-create',
25 silly mapToRegistry   rawSpec: '',
25 silly mapToRegistry   spec: 'latest',
25 silly mapToRegistry   type: 'tag' }
26 silly mapToRegistry uri https://registry.npmjs.org/cdva-create
27 verbose publish registryBase https://registry.npmjs.org/
28 silly publish uploading C:\Users\johnwargo\AppData\Roaming\npm-cache\cdva-create\0.0.7\package.tgz
29 verbose request uri https://registry.npmjs.org/cdva-create
30 verbose request sending authorization for write operation
31 info attempt registry request try #1 at 9:18:00 PM
32 verbose request using bearer token for auth
33 verbose request id 5d7f268b91401ac4
34 http request PUT https://registry.npmjs.org/cdva-create
35 http 403 https://registry.npmjs.org/cdva-create
36 verbose headers { 'content-type': 'application/json',
36 verbose headers   'cache-control': 'max-age=300',
36 verbose headers   'content-length': '95',
36 verbose headers   'accept-ranges': 'bytes',
36 verbose headers   date: 'Fri, 23 Sep 2016 01:18:02 GMT',
36 verbose headers   via: '1.1 varnish',
36 verbose headers   connection: 'keep-alive',
36 verbose headers   'x-served-by': 'cache-iad2123-IAD',
36 verbose headers   'x-cache': 'MISS',
36 verbose headers   'x-cache-hits': '0',
36 verbose headers   'x-timer': 'S1474593481.428339,VS0,VE1041',
36 verbose headers   vary: 'Accept-Encoding' }
37 verbose request invalidating C:\Users\johnwargo\AppData\Roaming\npm-cache\registry.npmjs.org\cdva-create on PUT
38 error publish Failed PUT 403
39 verbose stack Error: "You cannot publish over the previously published version 0.0.7." : cdva-create
39 verbose stack     at makeError (D:\Program Files\nodejs\node_modules\npm\node_modules\npm-registry-client\lib\request.js:264:12)
39 verbose stack     at CachingRegistryClient.<anonymous> (D:\Program Files\nodejs\node_modules\npm\node_modules\npm-registry-client\lib\request.js:252:14)
39 verbose stack     at Request._callback (D:\Program Files\nodejs\node_modules\npm\node_modules\npm-registry-client\lib\request.js:172:14)
39 verbose stack     at Request.self.callback (D:\Program Files\nodejs\node_modules\npm\node_modules\request\request.js:200:22)
39 verbose stack     at emitTwo (events.js:87:13)
39 verbose stack     at Request.emit (events.js:172:7)
39 verbose stack     at Request.<anonymous> (D:\Program Files\nodejs\node_modules\npm\node_modules\request\request.js:1067:10)
39 verbose stack     at emitOne (events.js:82:20)
39 verbose stack     at Request.emit (events.js:169:7)
39 verbose stack     at IncomingMessage.<anonymous> (D:\Program Files\nodejs\node_modules\npm\node_modules\request\request.js:988:12)
40 verbose statusCode 403
41 verbose pkgid cdva-create
42 verbose cwd D:\dev\node\cdva-create
43 error Windows_NT 10.0.14393
44 error argv "D:\\Program Files\\nodejs\\node.exe" "D:\\Program Files\\nodejs\\node_modules\\npm\\bin\\npm-cli.js" "publish"
45 error node v4.5.0
46 error npm  v2.15.9
47 error code E403
48 error "You cannot publish over the previously published version 0.0.7." : cdva-create
49 error If you need help, you may report this error at:
49 error     <https://github.com/npm/npm/issues>
50 verbose exit [ 1, true ]
